<?xml version="1.0" encoding="UTF-8"?>
<!DOCTYPE html PUBLIC "-//W3C//DTD XHTML 1.0 Strict//EN" "http://www.w3.org/TR/xhtml1/DTD/xhtml1-strict.dtd">
<html xmlns="http://www.w3.org/1999/xhtml">
<head>
    <title>接口测试报告</title>
    <meta name="generator" content="HTMLTestRunner 0.8.2.2"/>
    <meta http-equiv="Content-Type" content="text/html; charset=UTF-8"/>
    <link href="http://libs.baidu.com/bootstrap/3.0.3/css/bootstrap.min.css" rel="stylesheet">
    <script src="http://libs.baidu.com/jquery/2.0.0/jquery.min.js"></script>
    <script src="http://libs.baidu.com/bootstrap/3.0.3/js/bootstrap.min.js"></script>
    
<style type="text/css" media="screen">
body        { font-family: Microsoft YaHei,Tahoma,arial,helvetica,sans-serif;padding: 20px; font-size: 120%; }
table       { font-size: 100%; }
/* -- heading ---------------------------------------------------------------------- */
.heading {
    margin-top: 0ex;
    margin-bottom: 1ex;
}
.heading .description {
    margin-top: 4ex;
    margin-bottom: 6ex;
}
/* -- report ------------------------------------------------------------------------ */
#total_row  { font-weight: bold; }
.passCase   { color: #5cb85c; }
.failCase   { color: #d9534f; font-weight: bold; }
.errorCase  { color: #f0ad4e; font-weight: bold; }
.hiddenRow  { display: none; }
.testcase   { margin-left: 2em; }
</style>

</head>
<body >
<script language="javascript" type="text/javascript">
output_list = Array();
/*level 调整增加只显示通过用例的分类 --Findyou
0:Summary //all hiddenRow
1:Failed  //pt hiddenRow, ft none
2:Pass    //pt none, ft hiddenRow
3:All     //pt none, ft none
*/
function showCase(level) {
    trs = document.getElementsByTagName("tr");
    for (var i = 0; i < trs.length; i++) {
        tr = trs[i];
        id = tr.id;
        if (id.substr(0,2) == 'ft') {
            if (level == 2 || level == 0 ) {
                tr.className = 'hiddenRow';
            }
            else {
                tr.className = '';
            }
        }
        if (id.substr(0,2) == 'pt') {
            if (level < 2) {
                tr.className = 'hiddenRow';
            }
            else {
                tr.className = '';
            }
        }
    }
    //加入【详细】切换文字变化 --Findyou
    detail_class=document.getElementsByClassName('detail');
	//console.log(detail_class.length)
	if (level == 3) {
		for (var i = 0; i < detail_class.length; i++){
			detail_class[i].innerHTML="收起"
		}
	}
	else{
			for (var i = 0; i < detail_class.length; i++){
			detail_class[i].innerHTML="详细"
		}
	}
}
function showClassDetail(cid, count) {
    var id_list = Array(count);
    var toHide = 1;
    for (var i = 0; i < count; i++) {
        //ID修改 点 为 下划线 -Findyou
        tid0 = 't' + cid.substr(1) + '_' + (i+1);
        tid = 'f' + tid0;
        tr = document.getElementById(tid);
        if (!tr) {
            tid = 'p' + tid0;
            tr = document.getElementById(tid);
        }
        id_list[i] = tid;
        if (tr.className) {
            toHide = 0;
        }
    }
    for (var i = 0; i < count; i++) {
        tid = id_list[i];
        //修改点击无法收起的BUG，加入【详细】切换文字变化 --Findyou
        if (toHide) {
            document.getElementById(tid).className = 'hiddenRow';
            document.getElementById(cid).innerText = "详细"
        }
        else {
            document.getElementById(tid).className = '';
            document.getElementById(cid).innerText = "收起"
        }
    }
}
function html_escape(s) {
    s = s.replace(/&/g,'&amp;');
    s = s.replace(/</g,'&lt;');
    s = s.replace(/>/g,'&gt;');
    return s;
}
</script>
<div class='heading'>
<h1 style="font-family: Microsoft YaHei">接口测试报告</h1>
<p class='attribute'><strong>测试人员 : </strong> 余翔</p>
<p class='attribute'><strong>开始时间 : </strong> 2019-09-04 14:22:05</p>
<p class='attribute'><strong>合计耗时 : </strong> 0:00:03.230001</p>
<p class='attribute'><strong>测试结果 : </strong> 共 46，通过 19，失败 1，错误 26，通过率= 41.30%</p>

<p class='description'>接口测试执行结果</p>
</div>


<p id='show_detail_line'>
<a class="btn btn-primary" href='javascript:showCase(0)'>概要{ 41.30% }</a>
<a class="btn btn-danger" href='javascript:showCase(1)'>失败{ 1 }</a>
<a class="btn btn-success" href='javascript:showCase(2)'>通过{ 19 }</a>
<a class="btn btn-info" href='javascript:showCase(3)'>所有{ 46 }</a>
</p>
<table id='result_table' class="table table-condensed table-bordered table-hover">
<colgroup>
<col align='left' />
<col align='right' />
<col align='right' />
<col align='right' />
<col align='right' />
<col align='right' />
</colgroup>
<tr id='header_row' class="text-center success" style="font-weight: bold;font-size: 16px;">
    <td>用例集/测试用例</td>
    <td>总计</td>
    <td>通过</td>
    <td>失败</td>
    <td>错误</td>
    <td>详细</td>
</tr>

<tr class='passClass warning'>
    <td>test_01_add.TestAdd</td>
    <td class="text-center">5</td>
    <td class="text-center">5</td>
    <td class="text-center">0</td>
    <td class="text-center">0</td>
    <td class="text-center"><a href="javascript:showClassDetail('c1',5)" class="detail" id='c1'>详细</a></td>
</tr>

<tr id='pt1_1' class='hiddenRow'>
    <td class='passCase'><div class='testcase'>test_add_1</div></td>
    <td colspan='5' align='center'><span class="label label-success success">通过</span></td>
</tr>

<tr id='pt1_2' class='hiddenRow'>
    <td class='passCase'><div class='testcase'>test_add_2</div></td>
    <td colspan='5' align='center'><span class="label label-success success">通过</span></td>
</tr>

<tr id='pt1_3' class='hiddenRow'>
    <td class='passCase'><div class='testcase'>test_add_3</div></td>
    <td colspan='5' align='center'><span class="label label-success success">通过</span></td>
</tr>

<tr id='pt1_4' class='hiddenRow'>
    <td class='passCase'><div class='testcase'>test_add_4</div></td>
    <td colspan='5' align='center'><span class="label label-success success">通过</span></td>
</tr>

<tr id='pt1_5' class='hiddenRow'>
    <td class='passCase'><div class='testcase'>test_add_5</div></td>
    <td colspan='5' align='center'><span class="label label-success success">通过</span></td>
</tr>

<tr class='passClass warning'>
    <td>test_02_sub.TestAdd</td>
    <td class="text-center">5</td>
    <td class="text-center">5</td>
    <td class="text-center">0</td>
    <td class="text-center">0</td>
    <td class="text-center"><a href="javascript:showClassDetail('c2',5)" class="detail" id='c2'>详细</a></td>
</tr>

<tr id='pt2_1' class='hiddenRow'>
    <td class='passCase'><div class='testcase'>test_add_1</div></td>
    <td colspan='5' align='center'><span class="label label-success success">通过</span></td>
</tr>

<tr id='pt2_2' class='hiddenRow'>
    <td class='passCase'><div class='testcase'>test_add_2</div></td>
    <td colspan='5' align='center'><span class="label label-success success">通过</span></td>
</tr>

<tr id='pt2_3' class='hiddenRow'>
    <td class='passCase'><div class='testcase'>test_add_3</div></td>
    <td colspan='5' align='center'><span class="label label-success success">通过</span></td>
</tr>

<tr id='pt2_4' class='hiddenRow'>
    <td class='passCase'><div class='testcase'>test_add_4</div></td>
    <td colspan='5' align='center'><span class="label label-success success">通过</span></td>
</tr>

<tr id='pt2_5' class='hiddenRow'>
    <td class='passCase'><div class='testcase'>test_add_5</div></td>
    <td colspan='5' align='center'><span class="label label-success success">通过</span></td>
</tr>

<tr class='passClass warning'>
    <td>test_03_minus.TestAdd</td>
    <td class="text-center">5</td>
    <td class="text-center">5</td>
    <td class="text-center">0</td>
    <td class="text-center">0</td>
    <td class="text-center"><a href="javascript:showClassDetail('c3',5)" class="detail" id='c3'>详细</a></td>
</tr>

<tr id='pt3_1' class='hiddenRow'>
    <td class='passCase'><div class='testcase'>test_add_1</div></td>
    <td colspan='5' align='center'><span class="label label-success success">通过</span></td>
</tr>

<tr id='pt3_2' class='hiddenRow'>
    <td class='passCase'><div class='testcase'>test_add_2</div></td>
    <td colspan='5' align='center'><span class="label label-success success">通过</span></td>
</tr>

<tr id='pt3_3' class='hiddenRow'>
    <td class='passCase'><div class='testcase'>test_add_3</div></td>
    <td colspan='5' align='center'><span class="label label-success success">通过</span></td>
</tr>

<tr id='pt3_4' class='hiddenRow'>
    <td class='passCase'><div class='testcase'>test_add_4</div></td>
    <td colspan='5' align='center'><span class="label label-success success">通过</span></td>
</tr>

<tr id='pt3_5' class='hiddenRow'>
    <td class='passCase'><div class='testcase'>test_add_5</div></td>
    <td colspan='5' align='center'><span class="label label-success success">通过</span></td>
</tr>

<tr class='failClass warning'>
    <td>test_04_div.TestAdd</td>
    <td class="text-center">5</td>
    <td class="text-center">4</td>
    <td class="text-center">1</td>
    <td class="text-center">0</td>
    <td class="text-center"><a href="javascript:showClassDetail('c4',5)" class="detail" id='c4'>详细</a></td>
</tr>

<tr id='pt4_1' class='hiddenRow'>
    <td class='passCase'><div class='testcase'>test_add_1</div></td>
    <td colspan='5' align='center'><span class="label label-success success">通过</span></td>
</tr>

<tr id='pt4_2' class='hiddenRow'>
    <td class='passCase'><div class='testcase'>test_add_2</div></td>
    <td colspan='5' align='center'><span class="label label-success success">通过</span></td>
</tr>

<tr id='ft4_3' class='none'>
    <td class='failCase'><div class='testcase'>test_add_3</div></td>
    <td colspan='5' align='center'>
    <!--默认收起错误信息 -Findyou
    <button id='btn_ft4_3' type="button"  class="btn btn-danger btn-xs collapsed" data-toggle="collapse" data-target='#div_ft4_3'>失败</button>
    <div id='div_ft4_3' class="collapse">  -->
    <!-- 默认展开错误信息 -Findyou -->
    <button id='btn_ft4_3' type="button"  class="btn btn-danger btn-xs" data-toggle="collapse" data-target='#div_ft4_3'>失败</button>
    <div id='div_ft4_3' class="collapse in" align="left">
    <pre>
    
ft4_3: 测试零与零相除 不通过!
Traceback (most recent call last):
  File "C:\Users\xiangyu\Desktop\test_files\WebService_Api_Test\libs\my_ddt.py", line 152, in wrapper
    return func(self, *args, **kwargs)
  File "C:\Users\xiangyu\Desktop\test_files\WebService_Api_Test\cases\test_04_div.py", line 49, in test_add
    raise e
  File "C:\Users\xiangyu\Desktop\test_files\WebService_Api_Test\cases\test_04_div.py", line 42, in test_add
    self.assertEqual(expected, calc_res, msg=msg)
AssertionError: '被除数不能为2' != '被除数不能为0'
- 被除数不能为2
?       ^
+ 被除数不能为0
?       ^
 : 测试零与零相除


    </pre>
    </div>
    </td>
</tr>

<tr id='pt4_4' class='hiddenRow'>
    <td class='passCase'><div class='testcase'>test_add_4</div></td>
    <td colspan='5' align='center'><span class="label label-success success">通过</span></td>
</tr>

<tr id='pt4_5' class='hiddenRow'>
    <td class='passCase'><div class='testcase'>test_add_5</div></td>
    <td colspan='5' align='center'><span class="label label-success success">通过</span></td>
</tr>

<tr class='errorClass warning'>
    <td>unittest.loader._FailedTest</td>
    <td class="text-center">5</td>
    <td class="text-center">0</td>
    <td class="text-center">0</td>
    <td class="text-center">5</td>
    <td class="text-center"><a href="javascript:showClassDetail('c5',5)" class="detail" id='c5'>详细</a></td>
</tr>

<tr id='ft5_1' class='none'>
    <td class='errorCase'><div class='testcase'>test_05_register_request_case</div></td>
    <td colspan='5' align='center'>
    <!--默认收起错误信息 -Findyou
    <button id='btn_ft5_1' type="button"  class="btn btn-danger btn-xs collapsed" data-toggle="collapse" data-target='#div_ft5_1'>错误</button>
    <div id='div_ft5_1' class="collapse">  -->
    <!-- 默认展开错误信息 -Findyou -->
    <button id='btn_ft5_1' type="button"  class="btn btn-danger btn-xs" data-toggle="collapse" data-target='#div_ft5_1'>错误</button>
    <div id='div_ft5_1' class="collapse in" align="left">
    <pre>
    
ft5_1: ImportError: Failed to import test module: test_05_register_request_case
Traceback (most recent call last):
  File "C:\Users\xiangyu\AppData\Local\Programs\Python\Python37\lib\unittest\loader.py", line 436, in _find_test_path
    module = self._get_module_from_name(name)
  File "C:\Users\xiangyu\AppData\Local\Programs\Python\Python37\lib\unittest\loader.py", line 377, in _get_module_from_name
    __import__(name)
  File "C:\Users\xiangyu\Desktop\test_files\WebService_Api_Test\cases\test_05_register_request_case.py", line 17, in &lt;module&gt;
    from scripts.parsmas_replace_to_data import params_replace
  File "C:\Users\xiangyu\Desktop\test_files\WebService_Api_Test\scripts\parsmas_replace_to_data.py", line 13, in &lt;module&gt;
    class ParamsReplaces(object):
  File "C:\Users\xiangyu\Desktop\test_files\WebService_Api_Test\scripts\parsmas_replace_to_data.py", line 19, in ParamsReplaces
    not_exit_tel = mysql.get_no_exit_mobile()
  File "C:\Users\xiangyu\Desktop\test_files\WebService_Api_Test\scripts\mysql_class.py", line 98, in get_no_exit_mobile
    if not self.is_exit(mobile):
  File "C:\Users\xiangyu\Desktop\test_files\WebService_Api_Test\scripts\mysql_class.py", line 62, in is_exit
    if self.run_sql(sql, args=(mobile, )):
  File "C:\Users\xiangyu\Desktop\test_files\WebService_Api_Test\scripts\mysql_class.py", line 30, in run_sql
    self.cursor.execute(sql, args)  # 执行sql语句
  File "C:\Users\xiangyu\AppData\Roaming\Python\Python37\site-packages\pymysql\cursors.py", line 170, in execute
    result = self._query(query)
  File "C:\Users\xiangyu\AppData\Roaming\Python\Python37\site-packages\pymysql\cursors.py", line 328, in _query
    conn.query(q)
  File "C:\Users\xiangyu\AppData\Roaming\Python\Python37\site-packages\pymysql\connections.py", line 517, in query
    self._affected_rows = self._read_query_result(unbuffered=unbuffered)
  File "C:\Users\xiangyu\AppData\Roaming\Python\Python37\site-packages\pymysql\connections.py", line 732, in _read_query_result
    result.read()
  File "C:\Users\xiangyu\AppData\Roaming\Python\Python37\site-packages\pymysql\connections.py", line 1075, in read
    first_packet = self.connection._read_packet()
  File "C:\Users\xiangyu\AppData\Roaming\Python\Python37\site-packages\pymysql\connections.py", line 684, in _read_packet
    packet.check_error()
  File "C:\Users\xiangyu\AppData\Roaming\Python\Python37\site-packages\pymysql\protocol.py", line 220, in check_error
    err.raise_mysql_exception(self._data)
  File "C:\Users\xiangyu\AppData\Roaming\Python\Python37\site-packages\pymysql\err.py", line 109, in raise_mysql_exception
    raise errorclass(errno, errval)
pymysql.err.InternalError: (1046, 'No database selected')



    </pre>
    </div>
    </td>
</tr>

<tr id='ft5_2' class='none'>
    <td class='errorCase'><div class='testcase'>test_06_login_request_case</div></td>
    <td colspan='5' align='center'>
    <!--默认收起错误信息 -Findyou
    <button id='btn_ft5_2' type="button"  class="btn btn-danger btn-xs collapsed" data-toggle="collapse" data-target='#div_ft5_2'>错误</button>
    <div id='div_ft5_2' class="collapse">  -->
    <!-- 默认展开错误信息 -Findyou -->
    <button id='btn_ft5_2' type="button"  class="btn btn-danger btn-xs" data-toggle="collapse" data-target='#div_ft5_2'>错误</button>
    <div id='div_ft5_2' class="collapse in" align="left">
    <pre>
    
ft5_2: ImportError: Failed to import test module: test_06_login_request_case
Traceback (most recent call last):
  File "C:\Users\xiangyu\AppData\Local\Programs\Python\Python37\lib\unittest\loader.py", line 436, in _find_test_path
    module = self._get_module_from_name(name)
  File "C:\Users\xiangyu\AppData\Local\Programs\Python\Python37\lib\unittest\loader.py", line 377, in _get_module_from_name
    __import__(name)
  File "C:\Users\xiangyu\Desktop\test_files\WebService_Api_Test\cases\test_06_login_request_case.py", line 17, in &lt;module&gt;
    from scripts.parsmas_replace_to_data import params_replace
  File "C:\Users\xiangyu\Desktop\test_files\WebService_Api_Test\scripts\parsmas_replace_to_data.py", line 13, in &lt;module&gt;
    class ParamsReplaces(object):
  File "C:\Users\xiangyu\Desktop\test_files\WebService_Api_Test\scripts\parsmas_replace_to_data.py", line 19, in ParamsReplaces
    not_exit_tel = mysql.get_no_exit_mobile()
  File "C:\Users\xiangyu\Desktop\test_files\WebService_Api_Test\scripts\mysql_class.py", line 98, in get_no_exit_mobile
    if not self.is_exit(mobile):
  File "C:\Users\xiangyu\Desktop\test_files\WebService_Api_Test\scripts\mysql_class.py", line 62, in is_exit
    if self.run_sql(sql, args=(mobile, )):
  File "C:\Users\xiangyu\Desktop\test_files\WebService_Api_Test\scripts\mysql_class.py", line 30, in run_sql
    self.cursor.execute(sql, args)  # 执行sql语句
  File "C:\Users\xiangyu\AppData\Roaming\Python\Python37\site-packages\pymysql\cursors.py", line 170, in execute
    result = self._query(query)
  File "C:\Users\xiangyu\AppData\Roaming\Python\Python37\site-packages\pymysql\cursors.py", line 328, in _query
    conn.query(q)
  File "C:\Users\xiangyu\AppData\Roaming\Python\Python37\site-packages\pymysql\connections.py", line 517, in query
    self._affected_rows = self._read_query_result(unbuffered=unbuffered)
  File "C:\Users\xiangyu\AppData\Roaming\Python\Python37\site-packages\pymysql\connections.py", line 732, in _read_query_result
    result.read()
  File "C:\Users\xiangyu\AppData\Roaming\Python\Python37\site-packages\pymysql\connections.py", line 1075, in read
    first_packet = self.connection._read_packet()
  File "C:\Users\xiangyu\AppData\Roaming\Python\Python37\site-packages\pymysql\connections.py", line 684, in _read_packet
    packet.check_error()
  File "C:\Users\xiangyu\AppData\Roaming\Python\Python37\site-packages\pymysql\protocol.py", line 220, in check_error
    err.raise_mysql_exception(self._data)
  File "C:\Users\xiangyu\AppData\Roaming\Python\Python37\site-packages\pymysql\err.py", line 109, in raise_mysql_exception
    raise errorclass(errno, errval)
pymysql.err.InternalError: (1046, 'No database selected')



    </pre>
    </div>
    </td>
</tr>

<tr id='ft5_3' class='none'>
    <td class='errorCase'><div class='testcase'>test_07_recharge_request_case</div></td>
    <td colspan='5' align='center'>
    <!--默认收起错误信息 -Findyou
    <button id='btn_ft5_3' type="button"  class="btn btn-danger btn-xs collapsed" data-toggle="collapse" data-target='#div_ft5_3'>错误</button>
    <div id='div_ft5_3' class="collapse">  -->
    <!-- 默认展开错误信息 -Findyou -->
    <button id='btn_ft5_3' type="button"  class="btn btn-danger btn-xs" data-toggle="collapse" data-target='#div_ft5_3'>错误</button>
    <div id='div_ft5_3' class="collapse in" align="left">
    <pre>
    
ft5_3: ImportError: Failed to import test module: test_07_recharge_request_case
Traceback (most recent call last):
  File "C:\Users\xiangyu\AppData\Local\Programs\Python\Python37\lib\unittest\loader.py", line 436, in _find_test_path
    module = self._get_module_from_name(name)
  File "C:\Users\xiangyu\AppData\Local\Programs\Python\Python37\lib\unittest\loader.py", line 377, in _get_module_from_name
    __import__(name)
  File "C:\Users\xiangyu\Desktop\test_files\WebService_Api_Test\cases\test_07_recharge_request_case.py", line 17, in &lt;module&gt;
    from scripts.parsmas_replace_to_data import params_replace
  File "C:\Users\xiangyu\Desktop\test_files\WebService_Api_Test\scripts\parsmas_replace_to_data.py", line 13, in &lt;module&gt;
    class ParamsReplaces(object):
  File "C:\Users\xiangyu\Desktop\test_files\WebService_Api_Test\scripts\parsmas_replace_to_data.py", line 19, in ParamsReplaces
    not_exit_tel = mysql.get_no_exit_mobile()
  File "C:\Users\xiangyu\Desktop\test_files\WebService_Api_Test\scripts\mysql_class.py", line 98, in get_no_exit_mobile
    if not self.is_exit(mobile):
  File "C:\Users\xiangyu\Desktop\test_files\WebService_Api_Test\scripts\mysql_class.py", line 62, in is_exit
    if self.run_sql(sql, args=(mobile, )):
  File "C:\Users\xiangyu\Desktop\test_files\WebService_Api_Test\scripts\mysql_class.py", line 30, in run_sql
    self.cursor.execute(sql, args)  # 执行sql语句
  File "C:\Users\xiangyu\AppData\Roaming\Python\Python37\site-packages\pymysql\cursors.py", line 170, in execute
    result = self._query(query)
  File "C:\Users\xiangyu\AppData\Roaming\Python\Python37\site-packages\pymysql\cursors.py", line 328, in _query
    conn.query(q)
  File "C:\Users\xiangyu\AppData\Roaming\Python\Python37\site-packages\pymysql\connections.py", line 517, in query
    self._affected_rows = self._read_query_result(unbuffered=unbuffered)
  File "C:\Users\xiangyu\AppData\Roaming\Python\Python37\site-packages\pymysql\connections.py", line 732, in _read_query_result
    result.read()
  File "C:\Users\xiangyu\AppData\Roaming\Python\Python37\site-packages\pymysql\connections.py", line 1075, in read
    first_packet = self.connection._read_packet()
  File "C:\Users\xiangyu\AppData\Roaming\Python\Python37\site-packages\pymysql\connections.py", line 684, in _read_packet
    packet.check_error()
  File "C:\Users\xiangyu\AppData\Roaming\Python\Python37\site-packages\pymysql\protocol.py", line 220, in check_error
    err.raise_mysql_exception(self._data)
  File "C:\Users\xiangyu\AppData\Roaming\Python\Python37\site-packages\pymysql\err.py", line 109, in raise_mysql_exception
    raise errorclass(errno, errval)
pymysql.err.InternalError: (1046, 'No database selected')



    </pre>
    </div>
    </td>
</tr>

<tr id='ft5_4' class='none'>
    <td class='errorCase'><div class='testcase'>test_08_add_loan_request_case</div></td>
    <td colspan='5' align='center'>
    <!--默认收起错误信息 -Findyou
    <button id='btn_ft5_4' type="button"  class="btn btn-danger btn-xs collapsed" data-toggle="collapse" data-target='#div_ft5_4'>错误</button>
    <div id='div_ft5_4' class="collapse">  -->
    <!-- 默认展开错误信息 -Findyou -->
    <button id='btn_ft5_4' type="button"  class="btn btn-danger btn-xs" data-toggle="collapse" data-target='#div_ft5_4'>错误</button>
    <div id='div_ft5_4' class="collapse in" align="left">
    <pre>
    
ft5_4: ImportError: Failed to import test module: test_08_add_loan_request_case
Traceback (most recent call last):
  File "C:\Users\xiangyu\AppData\Local\Programs\Python\Python37\lib\unittest\loader.py", line 436, in _find_test_path
    module = self._get_module_from_name(name)
  File "C:\Users\xiangyu\AppData\Local\Programs\Python\Python37\lib\unittest\loader.py", line 377, in _get_module_from_name
    __import__(name)
  File "C:\Users\xiangyu\Desktop\test_files\WebService_Api_Test\cases\test_08_add_loan_request_case.py", line 16, in &lt;module&gt;
    from scripts.parsmas_replace_to_data import params_replace
  File "C:\Users\xiangyu\Desktop\test_files\WebService_Api_Test\scripts\parsmas_replace_to_data.py", line 13, in &lt;module&gt;
    class ParamsReplaces(object):
  File "C:\Users\xiangyu\Desktop\test_files\WebService_Api_Test\scripts\parsmas_replace_to_data.py", line 19, in ParamsReplaces
    not_exit_tel = mysql.get_no_exit_mobile()
  File "C:\Users\xiangyu\Desktop\test_files\WebService_Api_Test\scripts\mysql_class.py", line 98, in get_no_exit_mobile
    if not self.is_exit(mobile):
  File "C:\Users\xiangyu\Desktop\test_files\WebService_Api_Test\scripts\mysql_class.py", line 62, in is_exit
    if self.run_sql(sql, args=(mobile, )):
  File "C:\Users\xiangyu\Desktop\test_files\WebService_Api_Test\scripts\mysql_class.py", line 30, in run_sql
    self.cursor.execute(sql, args)  # 执行sql语句
  File "C:\Users\xiangyu\AppData\Roaming\Python\Python37\site-packages\pymysql\cursors.py", line 170, in execute
    result = self._query(query)
  File "C:\Users\xiangyu\AppData\Roaming\Python\Python37\site-packages\pymysql\cursors.py", line 328, in _query
    conn.query(q)
  File "C:\Users\xiangyu\AppData\Roaming\Python\Python37\site-packages\pymysql\connections.py", line 517, in query
    self._affected_rows = self._read_query_result(unbuffered=unbuffered)
  File "C:\Users\xiangyu\AppData\Roaming\Python\Python37\site-packages\pymysql\connections.py", line 732, in _read_query_result
    result.read()
  File "C:\Users\xiangyu\AppData\Roaming\Python\Python37\site-packages\pymysql\connections.py", line 1075, in read
    first_packet = self.connection._read_packet()
  File "C:\Users\xiangyu\AppData\Roaming\Python\Python37\site-packages\pymysql\connections.py", line 684, in _read_packet
    packet.check_error()
  File "C:\Users\xiangyu\AppData\Roaming\Python\Python37\site-packages\pymysql\protocol.py", line 220, in check_error
    err.raise_mysql_exception(self._data)
  File "C:\Users\xiangyu\AppData\Roaming\Python\Python37\site-packages\pymysql\err.py", line 109, in raise_mysql_exception
    raise errorclass(errno, errval)
pymysql.err.InternalError: (1046, 'No database selected')



    </pre>
    </div>
    </td>
</tr>

<tr id='ft5_5' class='none'>
    <td class='errorCase'><div class='testcase'>test_09_invest_request_case</div></td>
    <td colspan='5' align='center'>
    <!--默认收起错误信息 -Findyou
    <button id='btn_ft5_5' type="button"  class="btn btn-danger btn-xs collapsed" data-toggle="collapse" data-target='#div_ft5_5'>错误</button>
    <div id='div_ft5_5' class="collapse">  -->
    <!-- 默认展开错误信息 -Findyou -->
    <button id='btn_ft5_5' type="button"  class="btn btn-danger btn-xs" data-toggle="collapse" data-target='#div_ft5_5'>错误</button>
    <div id='div_ft5_5' class="collapse in" align="left">
    <pre>
    
ft5_5: ImportError: Failed to import test module: test_09_invest_request_case
Traceback (most recent call last):
  File "C:\Users\xiangyu\AppData\Local\Programs\Python\Python37\lib\unittest\loader.py", line 436, in _find_test_path
    module = self._get_module_from_name(name)
  File "C:\Users\xiangyu\AppData\Local\Programs\Python\Python37\lib\unittest\loader.py", line 377, in _get_module_from_name
    __import__(name)
  File "C:\Users\xiangyu\Desktop\test_files\WebService_Api_Test\cases\test_09_invest_request_case.py", line 17, in &lt;module&gt;
    from scripts.parsmas_replace_to_data import ParamsReplaces, params_replace
  File "C:\Users\xiangyu\Desktop\test_files\WebService_Api_Test\scripts\parsmas_replace_to_data.py", line 13, in &lt;module&gt;
    class ParamsReplaces(object):
  File "C:\Users\xiangyu\Desktop\test_files\WebService_Api_Test\scripts\parsmas_replace_to_data.py", line 19, in ParamsReplaces
    not_exit_tel = mysql.get_no_exit_mobile()
  File "C:\Users\xiangyu\Desktop\test_files\WebService_Api_Test\scripts\mysql_class.py", line 98, in get_no_exit_mobile
    if not self.is_exit(mobile):
  File "C:\Users\xiangyu\Desktop\test_files\WebService_Api_Test\scripts\mysql_class.py", line 62, in is_exit
    if self.run_sql(sql, args=(mobile, )):
  File "C:\Users\xiangyu\Desktop\test_files\WebService_Api_Test\scripts\mysql_class.py", line 30, in run_sql
    self.cursor.execute(sql, args)  # 执行sql语句
  File "C:\Users\xiangyu\AppData\Roaming\Python\Python37\site-packages\pymysql\cursors.py", line 170, in execute
    result = self._query(query)
  File "C:\Users\xiangyu\AppData\Roaming\Python\Python37\site-packages\pymysql\cursors.py", line 328, in _query
    conn.query(q)
  File "C:\Users\xiangyu\AppData\Roaming\Python\Python37\site-packages\pymysql\connections.py", line 517, in query
    self._affected_rows = self._read_query_result(unbuffered=unbuffered)
  File "C:\Users\xiangyu\AppData\Roaming\Python\Python37\site-packages\pymysql\connections.py", line 732, in _read_query_result
    result.read()
  File "C:\Users\xiangyu\AppData\Roaming\Python\Python37\site-packages\pymysql\connections.py", line 1075, in read
    first_packet = self.connection._read_packet()
  File "C:\Users\xiangyu\AppData\Roaming\Python\Python37\site-packages\pymysql\connections.py", line 684, in _read_packet
    packet.check_error()
  File "C:\Users\xiangyu\AppData\Roaming\Python\Python37\site-packages\pymysql\protocol.py", line 220, in check_error
    err.raise_mysql_exception(self._data)
  File "C:\Users\xiangyu\AppData\Roaming\Python\Python37\site-packages\pymysql\err.py", line 109, in raise_mysql_exception
    raise errorclass(errno, errval)
pymysql.err.InternalError: (1046, 'No database selected')



    </pre>
    </div>
    </td>
</tr>

<tr class='errorClass warning'>
    <td>test_10_send_mes_request_case.TestSendMessage</td>
    <td class="text-center">6</td>
    <td class="text-center">0</td>
    <td class="text-center">0</td>
    <td class="text-center">6</td>
    <td class="text-center"><a href="javascript:showClassDetail('c6',6)" class="detail" id='c6'>详细</a></td>
</tr>

<tr id='ft6_1' class='none'>
    <td class='errorCase'><div class='testcase'>test_send_message_1</div></td>
    <td colspan='5' align='center'>
    <!--默认收起错误信息 -Findyou
    <button id='btn_ft6_1' type="button"  class="btn btn-danger btn-xs collapsed" data-toggle="collapse" data-target='#div_ft6_1'>错误</button>
    <div id='div_ft6_1' class="collapse">  -->
    <!-- 默认展开错误信息 -Findyou -->
    <button id='btn_ft6_1' type="button"  class="btn btn-danger btn-xs" data-toggle="collapse" data-target='#div_ft6_1'>错误</button>
    <div id='div_ft6_1' class="collapse in" align="left">
    <pre>
    
ft6_1: Traceback (most recent call last):
  File "C:\Users\xiangyu\Desktop\test_files\WebService_Api_Test\libs\my_ddt.py", line 152, in wrapper
    return func(self, *args, **kwargs)
  File "C:\Users\xiangyu\Desktop\test_files\WebService_Api_Test\cases\test_10_send_mes_request_case.py", line 44, in test_send_message
    res = WebServiceRequest.to_data(url, method, new_params)  # str类型
  File "C:\Users\xiangyu\Desktop\test_files\WebService_Api_Test\scripts\webservice_request_class.py", line 27, in to_data
    res = eval(f'Client("{url}").service.{method}({data})')
  File "&lt;string&gt;", line 1, in &lt;module&gt;
NameError: name 'Client' is not defined


    </pre>
    </div>
    </td>
</tr>

<tr id='ft6_2' class='none'>
    <td class='errorCase'><div class='testcase'>test_send_message_2</div></td>
    <td colspan='5' align='center'>
    <!--默认收起错误信息 -Findyou
    <button id='btn_ft6_2' type="button"  class="btn btn-danger btn-xs collapsed" data-toggle="collapse" data-target='#div_ft6_2'>错误</button>
    <div id='div_ft6_2' class="collapse">  -->
    <!-- 默认展开错误信息 -Findyou -->
    <button id='btn_ft6_2' type="button"  class="btn btn-danger btn-xs" data-toggle="collapse" data-target='#div_ft6_2'>错误</button>
    <div id='div_ft6_2' class="collapse in" align="left">
    <pre>
    
ft6_2: Traceback (most recent call last):
  File "C:\Users\xiangyu\Desktop\test_files\WebService_Api_Test\libs\my_ddt.py", line 152, in wrapper
    return func(self, *args, **kwargs)
  File "C:\Users\xiangyu\Desktop\test_files\WebService_Api_Test\cases\test_10_send_mes_request_case.py", line 44, in test_send_message
    res = WebServiceRequest.to_data(url, method, new_params)  # str类型
  File "C:\Users\xiangyu\Desktop\test_files\WebService_Api_Test\scripts\webservice_request_class.py", line 27, in to_data
    res = eval(f'Client("{url}").service.{method}({data})')
  File "&lt;string&gt;", line 1, in &lt;module&gt;
NameError: name 'Client' is not defined


    </pre>
    </div>
    </td>
</tr>

<tr id='ft6_3' class='none'>
    <td class='errorCase'><div class='testcase'>test_send_message_3</div></td>
    <td colspan='5' align='center'>
    <!--默认收起错误信息 -Findyou
    <button id='btn_ft6_3' type="button"  class="btn btn-danger btn-xs collapsed" data-toggle="collapse" data-target='#div_ft6_3'>错误</button>
    <div id='div_ft6_3' class="collapse">  -->
    <!-- 默认展开错误信息 -Findyou -->
    <button id='btn_ft6_3' type="button"  class="btn btn-danger btn-xs" data-toggle="collapse" data-target='#div_ft6_3'>错误</button>
    <div id='div_ft6_3' class="collapse in" align="left">
    <pre>
    
ft6_3: Traceback (most recent call last):
  File "C:\Users\xiangyu\Desktop\test_files\WebService_Api_Test\libs\my_ddt.py", line 152, in wrapper
    return func(self, *args, **kwargs)
  File "C:\Users\xiangyu\Desktop\test_files\WebService_Api_Test\cases\test_10_send_mes_request_case.py", line 44, in test_send_message
    res = WebServiceRequest.to_data(url, method, new_params)  # str类型
  File "C:\Users\xiangyu\Desktop\test_files\WebService_Api_Test\scripts\webservice_request_class.py", line 27, in to_data
    res = eval(f'Client("{url}").service.{method}({data})')
  File "&lt;string&gt;", line 1, in &lt;module&gt;
NameError: name 'Client' is not defined


    </pre>
    </div>
    </td>
</tr>

<tr id='ft6_4' class='none'>
    <td class='errorCase'><div class='testcase'>test_send_message_4</div></td>
    <td colspan='5' align='center'>
    <!--默认收起错误信息 -Findyou
    <button id='btn_ft6_4' type="button"  class="btn btn-danger btn-xs collapsed" data-toggle="collapse" data-target='#div_ft6_4'>错误</button>
    <div id='div_ft6_4' class="collapse">  -->
    <!-- 默认展开错误信息 -Findyou -->
    <button id='btn_ft6_4' type="button"  class="btn btn-danger btn-xs" data-toggle="collapse" data-target='#div_ft6_4'>错误</button>
    <div id='div_ft6_4' class="collapse in" align="left">
    <pre>
    
ft6_4: Traceback (most recent call last):
  File "C:\Users\xiangyu\Desktop\test_files\WebService_Api_Test\libs\my_ddt.py", line 152, in wrapper
    return func(self, *args, **kwargs)
  File "C:\Users\xiangyu\Desktop\test_files\WebService_Api_Test\cases\test_10_send_mes_request_case.py", line 44, in test_send_message
    res = WebServiceRequest.to_data(url, method, new_params)  # str类型
  File "C:\Users\xiangyu\Desktop\test_files\WebService_Api_Test\scripts\webservice_request_class.py", line 27, in to_data
    res = eval(f'Client("{url}").service.{method}({data})')
  File "&lt;string&gt;", line 1, in &lt;module&gt;
NameError: name 'Client' is not defined


    </pre>
    </div>
    </td>
</tr>

<tr id='ft6_5' class='none'>
    <td class='errorCase'><div class='testcase'>test_send_message_5</div></td>
    <td colspan='5' align='center'>
    <!--默认收起错误信息 -Findyou
    <button id='btn_ft6_5' type="button"  class="btn btn-danger btn-xs collapsed" data-toggle="collapse" data-target='#div_ft6_5'>错误</button>
    <div id='div_ft6_5' class="collapse">  -->
    <!-- 默认展开错误信息 -Findyou -->
    <button id='btn_ft6_5' type="button"  class="btn btn-danger btn-xs" data-toggle="collapse" data-target='#div_ft6_5'>错误</button>
    <div id='div_ft6_5' class="collapse in" align="left">
    <pre>
    
ft6_5: Traceback (most recent call last):
  File "C:\Users\xiangyu\Desktop\test_files\WebService_Api_Test\libs\my_ddt.py", line 152, in wrapper
    return func(self, *args, **kwargs)
  File "C:\Users\xiangyu\Desktop\test_files\WebService_Api_Test\cases\test_10_send_mes_request_case.py", line 44, in test_send_message
    res = WebServiceRequest.to_data(url, method, new_params)  # str类型
  File "C:\Users\xiangyu\Desktop\test_files\WebService_Api_Test\scripts\webservice_request_class.py", line 27, in to_data
    res = eval(f'Client("{url}").service.{method}({data})')
  File "&lt;string&gt;", line 1, in &lt;module&gt;
NameError: name 'Client' is not defined


    </pre>
    </div>
    </td>
</tr>

<tr id='ft6_6' class='none'>
    <td class='errorCase'><div class='testcase'>test_send_message_6</div></td>
    <td colspan='5' align='center'>
    <!--默认收起错误信息 -Findyou
    <button id='btn_ft6_6' type="button"  class="btn btn-danger btn-xs collapsed" data-toggle="collapse" data-target='#div_ft6_6'>错误</button>
    <div id='div_ft6_6' class="collapse">  -->
    <!-- 默认展开错误信息 -Findyou -->
    <button id='btn_ft6_6' type="button"  class="btn btn-danger btn-xs" data-toggle="collapse" data-target='#div_ft6_6'>错误</button>
    <div id='div_ft6_6' class="collapse in" align="left">
    <pre>
    
ft6_6: Traceback (most recent call last):
  File "C:\Users\xiangyu\Desktop\test_files\WebService_Api_Test\libs\my_ddt.py", line 152, in wrapper
    return func(self, *args, **kwargs)
  File "C:\Users\xiangyu\Desktop\test_files\WebService_Api_Test\cases\test_10_send_mes_request_case.py", line 44, in test_send_message
    res = WebServiceRequest.to_data(url, method, new_params)  # str类型
  File "C:\Users\xiangyu\Desktop\test_files\WebService_Api_Test\scripts\webservice_request_class.py", line 27, in to_data
    res = eval(f'Client("{url}").service.{method}({data})')
  File "&lt;string&gt;", line 1, in &lt;module&gt;
NameError: name 'Client' is not defined


    </pre>
    </div>
    </td>
</tr>

<tr class='errorClass warning'>
    <td>test_11_user_register_request_case.TestUserRegister</td>
    <td class="text-center">9</td>
    <td class="text-center">0</td>
    <td class="text-center">0</td>
    <td class="text-center">9</td>
    <td class="text-center"><a href="javascript:showClassDetail('c7',9)" class="detail" id='c7'>详细</a></td>
</tr>

<tr id='ft7_1' class='none'>
    <td class='errorCase'><div class='testcase'>test_user_register_1</div></td>
    <td colspan='5' align='center'>
    <!--默认收起错误信息 -Findyou
    <button id='btn_ft7_1' type="button"  class="btn btn-danger btn-xs collapsed" data-toggle="collapse" data-target='#div_ft7_1'>错误</button>
    <div id='div_ft7_1' class="collapse">  -->
    <!-- 默认展开错误信息 -Findyou -->
    <button id='btn_ft7_1' type="button"  class="btn btn-danger btn-xs" data-toggle="collapse" data-target='#div_ft7_1'>错误</button>
    <div id='div_ft7_1' class="collapse in" align="left">
    <pre>
    
ft7_1: Traceback (most recent call last):
  File "C:\Users\xiangyu\Desktop\test_files\WebService_Api_Test\libs\my_ddt.py", line 152, in wrapper
    return func(self, *args, **kwargs)
  File "C:\Users\xiangyu\Desktop\test_files\WebService_Api_Test\cases\test_11_user_register_request_case.py", line 47, in test_user_register
    actual_res = WebServiceRequest.to_data(url, method, new_params)
  File "C:\Users\xiangyu\Desktop\test_files\WebService_Api_Test\scripts\webservice_request_class.py", line 27, in to_data
    res = eval(f'Client("{url}").service.{method}({data})')
  File "&lt;string&gt;", line 1, in &lt;module&gt;
NameError: name 'Client' is not defined


    </pre>
    </div>
    </td>
</tr>

<tr id='ft7_2' class='none'>
    <td class='errorCase'><div class='testcase'>test_user_register_2</div></td>
    <td colspan='5' align='center'>
    <!--默认收起错误信息 -Findyou
    <button id='btn_ft7_2' type="button"  class="btn btn-danger btn-xs collapsed" data-toggle="collapse" data-target='#div_ft7_2'>错误</button>
    <div id='div_ft7_2' class="collapse">  -->
    <!-- 默认展开错误信息 -Findyou -->
    <button id='btn_ft7_2' type="button"  class="btn btn-danger btn-xs" data-toggle="collapse" data-target='#div_ft7_2'>错误</button>
    <div id='div_ft7_2' class="collapse in" align="left">
    <pre>
    
ft7_2: Traceback (most recent call last):
  File "C:\Users\xiangyu\Desktop\test_files\WebService_Api_Test\libs\my_ddt.py", line 152, in wrapper
    return func(self, *args, **kwargs)
  File "C:\Users\xiangyu\Desktop\test_files\WebService_Api_Test\cases\test_11_user_register_request_case.py", line 47, in test_user_register
    actual_res = WebServiceRequest.to_data(url, method, new_params)
  File "C:\Users\xiangyu\Desktop\test_files\WebService_Api_Test\scripts\webservice_request_class.py", line 27, in to_data
    res = eval(f'Client("{url}").service.{method}({data})')
  File "&lt;string&gt;", line 1, in &lt;module&gt;
NameError: name 'Client' is not defined


    </pre>
    </div>
    </td>
</tr>

<tr id='ft7_3' class='none'>
    <td class='errorCase'><div class='testcase'>test_user_register_3</div></td>
    <td colspan='5' align='center'>
    <!--默认收起错误信息 -Findyou
    <button id='btn_ft7_3' type="button"  class="btn btn-danger btn-xs collapsed" data-toggle="collapse" data-target='#div_ft7_3'>错误</button>
    <div id='div_ft7_3' class="collapse">  -->
    <!-- 默认展开错误信息 -Findyou -->
    <button id='btn_ft7_3' type="button"  class="btn btn-danger btn-xs" data-toggle="collapse" data-target='#div_ft7_3'>错误</button>
    <div id='div_ft7_3' class="collapse in" align="left">
    <pre>
    
ft7_3: Traceback (most recent call last):
  File "C:\Users\xiangyu\Desktop\test_files\WebService_Api_Test\libs\my_ddt.py", line 152, in wrapper
    return func(self, *args, **kwargs)
  File "C:\Users\xiangyu\Desktop\test_files\WebService_Api_Test\cases\test_11_user_register_request_case.py", line 46, in test_user_register
    new_params = params_replace(case['params'])
  File "C:\Users\xiangyu\Desktop\test_files\WebService_Api_Test\scripts\webservice_parsmas_replace_to_data.py", line 42, in params_replace
    data = re.sub(param, value, data, count=1)
  File "C:\Users\xiangyu\AppData\Local\Programs\Python\Python37\lib\re.py", line 192, in sub
    return _compile(pattern, flags).sub(repl, string, count)
  File "C:\Users\xiangyu\AppData\Local\Programs\Python\Python37\lib\re.py", line 309, in _subx
    template = _compile_repl(template, pattern)
  File "C:\Users\xiangyu\AppData\Local\Programs\Python\Python37\lib\re.py", line 300, in _compile_repl
    return sre_parse.parse_template(repl, pattern)
  File "C:\Users\xiangyu\AppData\Local\Programs\Python\Python37\lib\sre_parse.py", line 954, in parse_template
    s = Tokenizer(source)
  File "C:\Users\xiangyu\AppData\Local\Programs\Python\Python37\lib\sre_parse.py", line 228, in __init__
    string = str(string, 'latin1')
TypeError: decoding to str: need a bytes-like object, NoneType found


    </pre>
    </div>
    </td>
</tr>

<tr id='ft7_4' class='none'>
    <td class='errorCase'><div class='testcase'>test_user_register_4</div></td>
    <td colspan='5' align='center'>
    <!--默认收起错误信息 -Findyou
    <button id='btn_ft7_4' type="button"  class="btn btn-danger btn-xs collapsed" data-toggle="collapse" data-target='#div_ft7_4'>错误</button>
    <div id='div_ft7_4' class="collapse">  -->
    <!-- 默认展开错误信息 -Findyou -->
    <button id='btn_ft7_4' type="button"  class="btn btn-danger btn-xs" data-toggle="collapse" data-target='#div_ft7_4'>错误</button>
    <div id='div_ft7_4' class="collapse in" align="left">
    <pre>
    
ft7_4: Traceback (most recent call last):
  File "C:\Users\xiangyu\Desktop\test_files\WebService_Api_Test\libs\my_ddt.py", line 152, in wrapper
    return func(self, *args, **kwargs)
  File "C:\Users\xiangyu\Desktop\test_files\WebService_Api_Test\cases\test_11_user_register_request_case.py", line 46, in test_user_register
    new_params = params_replace(case['params'])
  File "C:\Users\xiangyu\Desktop\test_files\WebService_Api_Test\scripts\webservice_parsmas_replace_to_data.py", line 42, in params_replace
    data = re.sub(param, value, data, count=1)
  File "C:\Users\xiangyu\AppData\Local\Programs\Python\Python37\lib\re.py", line 192, in sub
    return _compile(pattern, flags).sub(repl, string, count)
  File "C:\Users\xiangyu\AppData\Local\Programs\Python\Python37\lib\re.py", line 309, in _subx
    template = _compile_repl(template, pattern)
  File "C:\Users\xiangyu\AppData\Local\Programs\Python\Python37\lib\re.py", line 300, in _compile_repl
    return sre_parse.parse_template(repl, pattern)
  File "C:\Users\xiangyu\AppData\Local\Programs\Python\Python37\lib\sre_parse.py", line 954, in parse_template
    s = Tokenizer(source)
  File "C:\Users\xiangyu\AppData\Local\Programs\Python\Python37\lib\sre_parse.py", line 228, in __init__
    string = str(string, 'latin1')
TypeError: decoding to str: need a bytes-like object, NoneType found


    </pre>
    </div>
    </td>
</tr>

<tr id='ft7_5' class='none'>
    <td class='errorCase'><div class='testcase'>test_user_register_5</div></td>
    <td colspan='5' align='center'>
    <!--默认收起错误信息 -Findyou
    <button id='btn_ft7_5' type="button"  class="btn btn-danger btn-xs collapsed" data-toggle="collapse" data-target='#div_ft7_5'>错误</button>
    <div id='div_ft7_5' class="collapse">  -->
    <!-- 默认展开错误信息 -Findyou -->
    <button id='btn_ft7_5' type="button"  class="btn btn-danger btn-xs" data-toggle="collapse" data-target='#div_ft7_5'>错误</button>
    <div id='div_ft7_5' class="collapse in" align="left">
    <pre>
    
ft7_5: Traceback (most recent call last):
  File "C:\Users\xiangyu\Desktop\test_files\WebService_Api_Test\libs\my_ddt.py", line 152, in wrapper
    return func(self, *args, **kwargs)
  File "C:\Users\xiangyu\Desktop\test_files\WebService_Api_Test\cases\test_11_user_register_request_case.py", line 46, in test_user_register
    new_params = params_replace(case['params'])
  File "C:\Users\xiangyu\Desktop\test_files\WebService_Api_Test\scripts\webservice_parsmas_replace_to_data.py", line 42, in params_replace
    data = re.sub(param, value, data, count=1)
  File "C:\Users\xiangyu\AppData\Local\Programs\Python\Python37\lib\re.py", line 192, in sub
    return _compile(pattern, flags).sub(repl, string, count)
  File "C:\Users\xiangyu\AppData\Local\Programs\Python\Python37\lib\re.py", line 309, in _subx
    template = _compile_repl(template, pattern)
  File "C:\Users\xiangyu\AppData\Local\Programs\Python\Python37\lib\re.py", line 300, in _compile_repl
    return sre_parse.parse_template(repl, pattern)
  File "C:\Users\xiangyu\AppData\Local\Programs\Python\Python37\lib\sre_parse.py", line 954, in parse_template
    s = Tokenizer(source)
  File "C:\Users\xiangyu\AppData\Local\Programs\Python\Python37\lib\sre_parse.py", line 228, in __init__
    string = str(string, 'latin1')
TypeError: decoding to str: need a bytes-like object, NoneType found


    </pre>
    </div>
    </td>
</tr>

<tr id='ft7_6' class='none'>
    <td class='errorCase'><div class='testcase'>test_user_register_6</div></td>
    <td colspan='5' align='center'>
    <!--默认收起错误信息 -Findyou
    <button id='btn_ft7_6' type="button"  class="btn btn-danger btn-xs collapsed" data-toggle="collapse" data-target='#div_ft7_6'>错误</button>
    <div id='div_ft7_6' class="collapse">  -->
    <!-- 默认展开错误信息 -Findyou -->
    <button id='btn_ft7_6' type="button"  class="btn btn-danger btn-xs" data-toggle="collapse" data-target='#div_ft7_6'>错误</button>
    <div id='div_ft7_6' class="collapse in" align="left">
    <pre>
    
ft7_6: Traceback (most recent call last):
  File "C:\Users\xiangyu\Desktop\test_files\WebService_Api_Test\libs\my_ddt.py", line 152, in wrapper
    return func(self, *args, **kwargs)
  File "C:\Users\xiangyu\Desktop\test_files\WebService_Api_Test\cases\test_11_user_register_request_case.py", line 46, in test_user_register
    new_params = params_replace(case['params'])
  File "C:\Users\xiangyu\Desktop\test_files\WebService_Api_Test\scripts\webservice_parsmas_replace_to_data.py", line 42, in params_replace
    data = re.sub(param, value, data, count=1)
  File "C:\Users\xiangyu\AppData\Local\Programs\Python\Python37\lib\re.py", line 192, in sub
    return _compile(pattern, flags).sub(repl, string, count)
  File "C:\Users\xiangyu\AppData\Local\Programs\Python\Python37\lib\re.py", line 309, in _subx
    template = _compile_repl(template, pattern)
  File "C:\Users\xiangyu\AppData\Local\Programs\Python\Python37\lib\re.py", line 300, in _compile_repl
    return sre_parse.parse_template(repl, pattern)
  File "C:\Users\xiangyu\AppData\Local\Programs\Python\Python37\lib\sre_parse.py", line 954, in parse_template
    s = Tokenizer(source)
  File "C:\Users\xiangyu\AppData\Local\Programs\Python\Python37\lib\sre_parse.py", line 228, in __init__
    string = str(string, 'latin1')
TypeError: decoding to str: need a bytes-like object, NoneType found


    </pre>
    </div>
    </td>
</tr>

<tr id='ft7_7' class='none'>
    <td class='errorCase'><div class='testcase'>test_user_register_7</div></td>
    <td colspan='5' align='center'>
    <!--默认收起错误信息 -Findyou
    <button id='btn_ft7_7' type="button"  class="btn btn-danger btn-xs collapsed" data-toggle="collapse" data-target='#div_ft7_7'>错误</button>
    <div id='div_ft7_7' class="collapse">  -->
    <!-- 默认展开错误信息 -Findyou -->
    <button id='btn_ft7_7' type="button"  class="btn btn-danger btn-xs" data-toggle="collapse" data-target='#div_ft7_7'>错误</button>
    <div id='div_ft7_7' class="collapse in" align="left">
    <pre>
    
ft7_7: Traceback (most recent call last):
  File "C:\Users\xiangyu\Desktop\test_files\WebService_Api_Test\libs\my_ddt.py", line 152, in wrapper
    return func(self, *args, **kwargs)
  File "C:\Users\xiangyu\Desktop\test_files\WebService_Api_Test\cases\test_11_user_register_request_case.py", line 46, in test_user_register
    new_params = params_replace(case['params'])
  File "C:\Users\xiangyu\Desktop\test_files\WebService_Api_Test\scripts\webservice_parsmas_replace_to_data.py", line 42, in params_replace
    data = re.sub(param, value, data, count=1)
  File "C:\Users\xiangyu\AppData\Local\Programs\Python\Python37\lib\re.py", line 192, in sub
    return _compile(pattern, flags).sub(repl, string, count)
  File "C:\Users\xiangyu\AppData\Local\Programs\Python\Python37\lib\re.py", line 309, in _subx
    template = _compile_repl(template, pattern)
  File "C:\Users\xiangyu\AppData\Local\Programs\Python\Python37\lib\re.py", line 300, in _compile_repl
    return sre_parse.parse_template(repl, pattern)
  File "C:\Users\xiangyu\AppData\Local\Programs\Python\Python37\lib\sre_parse.py", line 954, in parse_template
    s = Tokenizer(source)
  File "C:\Users\xiangyu\AppData\Local\Programs\Python\Python37\lib\sre_parse.py", line 228, in __init__
    string = str(string, 'latin1')
TypeError: decoding to str: need a bytes-like object, NoneType found


    </pre>
    </div>
    </td>
</tr>

<tr id='ft7_8' class='none'>
    <td class='errorCase'><div class='testcase'>test_user_register_8</div></td>
    <td colspan='5' align='center'>
    <!--默认收起错误信息 -Findyou
    <button id='btn_ft7_8' type="button"  class="btn btn-danger btn-xs collapsed" data-toggle="collapse" data-target='#div_ft7_8'>错误</button>
    <div id='div_ft7_8' class="collapse">  -->
    <!-- 默认展开错误信息 -Findyou -->
    <button id='btn_ft7_8' type="button"  class="btn btn-danger btn-xs" data-toggle="collapse" data-target='#div_ft7_8'>错误</button>
    <div id='div_ft7_8' class="collapse in" align="left">
    <pre>
    
ft7_8: Traceback (most recent call last):
  File "C:\Users\xiangyu\Desktop\test_files\WebService_Api_Test\libs\my_ddt.py", line 152, in wrapper
    return func(self, *args, **kwargs)
  File "C:\Users\xiangyu\Desktop\test_files\WebService_Api_Test\cases\test_11_user_register_request_case.py", line 46, in test_user_register
    new_params = params_replace(case['params'])
  File "C:\Users\xiangyu\Desktop\test_files\WebService_Api_Test\scripts\webservice_parsmas_replace_to_data.py", line 42, in params_replace
    data = re.sub(param, value, data, count=1)
  File "C:\Users\xiangyu\AppData\Local\Programs\Python\Python37\lib\re.py", line 192, in sub
    return _compile(pattern, flags).sub(repl, string, count)
  File "C:\Users\xiangyu\AppData\Local\Programs\Python\Python37\lib\re.py", line 309, in _subx
    template = _compile_repl(template, pattern)
  File "C:\Users\xiangyu\AppData\Local\Programs\Python\Python37\lib\re.py", line 300, in _compile_repl
    return sre_parse.parse_template(repl, pattern)
  File "C:\Users\xiangyu\AppData\Local\Programs\Python\Python37\lib\sre_parse.py", line 954, in parse_template
    s = Tokenizer(source)
  File "C:\Users\xiangyu\AppData\Local\Programs\Python\Python37\lib\sre_parse.py", line 228, in __init__
    string = str(string, 'latin1')
TypeError: decoding to str: need a bytes-like object, NoneType found


    </pre>
    </div>
    </td>
</tr>

<tr id='ft7_9' class='none'>
    <td class='errorCase'><div class='testcase'>test_user_register_9</div></td>
    <td colspan='5' align='center'>
    <!--默认收起错误信息 -Findyou
    <button id='btn_ft7_9' type="button"  class="btn btn-danger btn-xs collapsed" data-toggle="collapse" data-target='#div_ft7_9'>错误</button>
    <div id='div_ft7_9' class="collapse">  -->
    <!-- 默认展开错误信息 -Findyou -->
    <button id='btn_ft7_9' type="button"  class="btn btn-danger btn-xs" data-toggle="collapse" data-target='#div_ft7_9'>错误</button>
    <div id='div_ft7_9' class="collapse in" align="left">
    <pre>
    
ft7_9: Traceback (most recent call last):
  File "C:\Users\xiangyu\Desktop\test_files\WebService_Api_Test\libs\my_ddt.py", line 152, in wrapper
    return func(self, *args, **kwargs)
  File "C:\Users\xiangyu\Desktop\test_files\WebService_Api_Test\cases\test_11_user_register_request_case.py", line 46, in test_user_register
    new_params = params_replace(case['params'])
  File "C:\Users\xiangyu\Desktop\test_files\WebService_Api_Test\scripts\webservice_parsmas_replace_to_data.py", line 42, in params_replace
    data = re.sub(param, value, data, count=1)
  File "C:\Users\xiangyu\AppData\Local\Programs\Python\Python37\lib\re.py", line 192, in sub
    return _compile(pattern, flags).sub(repl, string, count)
  File "C:\Users\xiangyu\AppData\Local\Programs\Python\Python37\lib\re.py", line 309, in _subx
    template = _compile_repl(template, pattern)
  File "C:\Users\xiangyu\AppData\Local\Programs\Python\Python37\lib\re.py", line 300, in _compile_repl
    return sre_parse.parse_template(repl, pattern)
  File "C:\Users\xiangyu\AppData\Local\Programs\Python\Python37\lib\sre_parse.py", line 954, in parse_template
    s = Tokenizer(source)
  File "C:\Users\xiangyu\AppData\Local\Programs\Python\Python37\lib\sre_parse.py", line 228, in __init__
    string = str(string, 'latin1')
TypeError: decoding to str: need a bytes-like object, NoneType found


    </pre>
    </div>
    </td>
</tr>

<tr class='errorClass warning'>
    <td>test_12_user_auth_request_case.TestUserAuth</td>
    <td class="text-center">6</td>
    <td class="text-center">0</td>
    <td class="text-center">0</td>
    <td class="text-center">6</td>
    <td class="text-center"><a href="javascript:showClassDetail('c8',6)" class="detail" id='c8'>详细</a></td>
</tr>

<tr id='ft8_1' class='none'>
    <td class='errorCase'><div class='testcase'>test_user_auth_1</div></td>
    <td colspan='5' align='center'>
    <!--默认收起错误信息 -Findyou
    <button id='btn_ft8_1' type="button"  class="btn btn-danger btn-xs collapsed" data-toggle="collapse" data-target='#div_ft8_1'>错误</button>
    <div id='div_ft8_1' class="collapse">  -->
    <!-- 默认展开错误信息 -Findyou -->
    <button id='btn_ft8_1' type="button"  class="btn btn-danger btn-xs" data-toggle="collapse" data-target='#div_ft8_1'>错误</button>
    <div id='div_ft8_1' class="collapse in" align="left">
    <pre>
    
ft8_1: Traceback (most recent call last):
  File "C:\Users\xiangyu\Desktop\test_files\WebService_Api_Test\libs\my_ddt.py", line 152, in wrapper
    return func(self, *args, **kwargs)
  File "C:\Users\xiangyu\Desktop\test_files\WebService_Api_Test\cases\test_12_user_auth_request_case.py", line 47, in test_user_auth
    actual_res = WebServiceRequest.to_data(url, method, new_params)
  File "C:\Users\xiangyu\Desktop\test_files\WebService_Api_Test\scripts\webservice_request_class.py", line 27, in to_data
    res = eval(f'Client("{url}").service.{method}({data})')
  File "&lt;string&gt;", line 1, in &lt;module&gt;
NameError: name 'Client' is not defined


    </pre>
    </div>
    </td>
</tr>

<tr id='ft8_2' class='none'>
    <td class='errorCase'><div class='testcase'>test_user_auth_2</div></td>
    <td colspan='5' align='center'>
    <!--默认收起错误信息 -Findyou
    <button id='btn_ft8_2' type="button"  class="btn btn-danger btn-xs collapsed" data-toggle="collapse" data-target='#div_ft8_2'>错误</button>
    <div id='div_ft8_2' class="collapse">  -->
    <!-- 默认展开错误信息 -Findyou -->
    <button id='btn_ft8_2' type="button"  class="btn btn-danger btn-xs" data-toggle="collapse" data-target='#div_ft8_2'>错误</button>
    <div id='div_ft8_2' class="collapse in" align="left">
    <pre>
    
ft8_2: Traceback (most recent call last):
  File "C:\Users\xiangyu\Desktop\test_files\WebService_Api_Test\libs\my_ddt.py", line 152, in wrapper
    return func(self, *args, **kwargs)
  File "C:\Users\xiangyu\Desktop\test_files\WebService_Api_Test\cases\test_12_user_auth_request_case.py", line 46, in test_user_auth
    new_params = params_replace(case['params'])
  File "C:\Users\xiangyu\Desktop\test_files\WebService_Api_Test\scripts\webservice_parsmas_replace_to_data.py", line 42, in params_replace
    data = re.sub(param, value, data, count=1)
  File "C:\Users\xiangyu\AppData\Local\Programs\Python\Python37\lib\re.py", line 192, in sub
    return _compile(pattern, flags).sub(repl, string, count)
  File "C:\Users\xiangyu\AppData\Local\Programs\Python\Python37\lib\re.py", line 309, in _subx
    template = _compile_repl(template, pattern)
  File "C:\Users\xiangyu\AppData\Local\Programs\Python\Python37\lib\re.py", line 300, in _compile_repl
    return sre_parse.parse_template(repl, pattern)
  File "C:\Users\xiangyu\AppData\Local\Programs\Python\Python37\lib\sre_parse.py", line 954, in parse_template
    s = Tokenizer(source)
  File "C:\Users\xiangyu\AppData\Local\Programs\Python\Python37\lib\sre_parse.py", line 228, in __init__
    string = str(string, 'latin1')
TypeError: decoding to str: need a bytes-like object, NoneType found


    </pre>
    </div>
    </td>
</tr>

<tr id='ft8_3' class='none'>
    <td class='errorCase'><div class='testcase'>test_user_auth_3</div></td>
    <td colspan='5' align='center'>
    <!--默认收起错误信息 -Findyou
    <button id='btn_ft8_3' type="button"  class="btn btn-danger btn-xs collapsed" data-toggle="collapse" data-target='#div_ft8_3'>错误</button>
    <div id='div_ft8_3' class="collapse">  -->
    <!-- 默认展开错误信息 -Findyou -->
    <button id='btn_ft8_3' type="button"  class="btn btn-danger btn-xs" data-toggle="collapse" data-target='#div_ft8_3'>错误</button>
    <div id='div_ft8_3' class="collapse in" align="left">
    <pre>
    
ft8_3: Traceback (most recent call last):
  File "C:\Users\xiangyu\Desktop\test_files\WebService_Api_Test\libs\my_ddt.py", line 152, in wrapper
    return func(self, *args, **kwargs)
  File "C:\Users\xiangyu\Desktop\test_files\WebService_Api_Test\cases\test_12_user_auth_request_case.py", line 46, in test_user_auth
    new_params = params_replace(case['params'])
  File "C:\Users\xiangyu\Desktop\test_files\WebService_Api_Test\scripts\webservice_parsmas_replace_to_data.py", line 42, in params_replace
    data = re.sub(param, value, data, count=1)
  File "C:\Users\xiangyu\AppData\Local\Programs\Python\Python37\lib\re.py", line 192, in sub
    return _compile(pattern, flags).sub(repl, string, count)
  File "C:\Users\xiangyu\AppData\Local\Programs\Python\Python37\lib\re.py", line 309, in _subx
    template = _compile_repl(template, pattern)
  File "C:\Users\xiangyu\AppData\Local\Programs\Python\Python37\lib\re.py", line 300, in _compile_repl
    return sre_parse.parse_template(repl, pattern)
  File "C:\Users\xiangyu\AppData\Local\Programs\Python\Python37\lib\sre_parse.py", line 954, in parse_template
    s = Tokenizer(source)
  File "C:\Users\xiangyu\AppData\Local\Programs\Python\Python37\lib\sre_parse.py", line 228, in __init__
    string = str(string, 'latin1')
TypeError: decoding to str: need a bytes-like object, NoneType found


    </pre>
    </div>
    </td>
</tr>

<tr id='ft8_4' class='none'>
    <td class='errorCase'><div class='testcase'>test_user_auth_4</div></td>
    <td colspan='5' align='center'>
    <!--默认收起错误信息 -Findyou
    <button id='btn_ft8_4' type="button"  class="btn btn-danger btn-xs collapsed" data-toggle="collapse" data-target='#div_ft8_4'>错误</button>
    <div id='div_ft8_4' class="collapse">  -->
    <!-- 默认展开错误信息 -Findyou -->
    <button id='btn_ft8_4' type="button"  class="btn btn-danger btn-xs" data-toggle="collapse" data-target='#div_ft8_4'>错误</button>
    <div id='div_ft8_4' class="collapse in" align="left">
    <pre>
    
ft8_4: Traceback (most recent call last):
  File "C:\Users\xiangyu\Desktop\test_files\WebService_Api_Test\libs\my_ddt.py", line 152, in wrapper
    return func(self, *args, **kwargs)
  File "C:\Users\xiangyu\Desktop\test_files\WebService_Api_Test\cases\test_12_user_auth_request_case.py", line 47, in test_user_auth
    actual_res = WebServiceRequest.to_data(url, method, new_params)
  File "C:\Users\xiangyu\Desktop\test_files\WebService_Api_Test\scripts\webservice_request_class.py", line 27, in to_data
    res = eval(f'Client("{url}").service.{method}({data})')
  File "&lt;string&gt;", line 1, in &lt;module&gt;
NameError: name 'Client' is not defined


    </pre>
    </div>
    </td>
</tr>

<tr id='ft8_5' class='none'>
    <td class='errorCase'><div class='testcase'>test_user_auth_5</div></td>
    <td colspan='5' align='center'>
    <!--默认收起错误信息 -Findyou
    <button id='btn_ft8_5' type="button"  class="btn btn-danger btn-xs collapsed" data-toggle="collapse" data-target='#div_ft8_5'>错误</button>
    <div id='div_ft8_5' class="collapse">  -->
    <!-- 默认展开错误信息 -Findyou -->
    <button id='btn_ft8_5' type="button"  class="btn btn-danger btn-xs" data-toggle="collapse" data-target='#div_ft8_5'>错误</button>
    <div id='div_ft8_5' class="collapse in" align="left">
    <pre>
    
ft8_5: Traceback (most recent call last):
  File "C:\Users\xiangyu\Desktop\test_files\WebService_Api_Test\libs\my_ddt.py", line 152, in wrapper
    return func(self, *args, **kwargs)
  File "C:\Users\xiangyu\Desktop\test_files\WebService_Api_Test\cases\test_12_user_auth_request_case.py", line 46, in test_user_auth
    new_params = params_replace(case['params'])
  File "C:\Users\xiangyu\Desktop\test_files\WebService_Api_Test\scripts\webservice_parsmas_replace_to_data.py", line 42, in params_replace
    data = re.sub(param, value, data, count=1)
  File "C:\Users\xiangyu\AppData\Local\Programs\Python\Python37\lib\re.py", line 192, in sub
    return _compile(pattern, flags).sub(repl, string, count)
  File "C:\Users\xiangyu\AppData\Local\Programs\Python\Python37\lib\re.py", line 309, in _subx
    template = _compile_repl(template, pattern)
  File "C:\Users\xiangyu\AppData\Local\Programs\Python\Python37\lib\re.py", line 300, in _compile_repl
    return sre_parse.parse_template(repl, pattern)
  File "C:\Users\xiangyu\AppData\Local\Programs\Python\Python37\lib\sre_parse.py", line 954, in parse_template
    s = Tokenizer(source)
  File "C:\Users\xiangyu\AppData\Local\Programs\Python\Python37\lib\sre_parse.py", line 228, in __init__
    string = str(string, 'latin1')
TypeError: decoding to str: need a bytes-like object, NoneType found


    </pre>
    </div>
    </td>
</tr>

<tr id='ft8_6' class='none'>
    <td class='errorCase'><div class='testcase'>test_user_auth_6</div></td>
    <td colspan='5' align='center'>
    <!--默认收起错误信息 -Findyou
    <button id='btn_ft8_6' type="button"  class="btn btn-danger btn-xs collapsed" data-toggle="collapse" data-target='#div_ft8_6'>错误</button>
    <div id='div_ft8_6' class="collapse">  -->
    <!-- 默认展开错误信息 -Findyou -->
    <button id='btn_ft8_6' type="button"  class="btn btn-danger btn-xs" data-toggle="collapse" data-target='#div_ft8_6'>错误</button>
    <div id='div_ft8_6' class="collapse in" align="left">
    <pre>
    
ft8_6: Traceback (most recent call last):
  File "C:\Users\xiangyu\Desktop\test_files\WebService_Api_Test\libs\my_ddt.py", line 152, in wrapper
    return func(self, *args, **kwargs)
  File "C:\Users\xiangyu\Desktop\test_files\WebService_Api_Test\cases\test_12_user_auth_request_case.py", line 46, in test_user_auth
    new_params = params_replace(case['params'])
  File "C:\Users\xiangyu\Desktop\test_files\WebService_Api_Test\scripts\webservice_parsmas_replace_to_data.py", line 42, in params_replace
    data = re.sub(param, value, data, count=1)
  File "C:\Users\xiangyu\AppData\Local\Programs\Python\Python37\lib\re.py", line 192, in sub
    return _compile(pattern, flags).sub(repl, string, count)
  File "C:\Users\xiangyu\AppData\Local\Programs\Python\Python37\lib\re.py", line 309, in _subx
    template = _compile_repl(template, pattern)
  File "C:\Users\xiangyu\AppData\Local\Programs\Python\Python37\lib\re.py", line 300, in _compile_repl
    return sre_parse.parse_template(repl, pattern)
  File "C:\Users\xiangyu\AppData\Local\Programs\Python\Python37\lib\sre_parse.py", line 954, in parse_template
    s = Tokenizer(source)
  File "C:\Users\xiangyu\AppData\Local\Programs\Python\Python37\lib\sre_parse.py", line 228, in __init__
    string = str(string, 'latin1')
TypeError: decoding to str: need a bytes-like object, NoneType found


    </pre>
    </div>
    </td>
</tr>

<tr id='total_row' class="text-center active">
    <td>总计</td>
    <td>46</td>
    <td>19</td>
    <td>1</td>
    <td>26</td>
    <td>通过率：41.30%</td>
</tr>
</table>

<div id='ending'>&nbsp;</div>
    <div style=" position:fixed;right:50px; bottom:30px; width:20px; height:20px;cursor:pointer">
    <a href="#"><span class="glyphicon glyphicon-eject" style = "font-size:30px;" aria-hidden="true">
    </span></a></div>
    
</body>
</html>
